<?xml version="1.0" encoding="UTF-8"?>
<!-- Generated by org.testng.reporters.JUnitXMLReporter -->
<testsuite hostname="shapan-HP" ignored="0" name="Freecrm App Test(failed)" tests="1" failures="1" timestamp="2020-12-10T01:13:25 EST" time="19.824" errors="0">
  <testcase name="loginDemo" time="5.574" classname="com.qa.testcases.Logintest">
    <failure type="java.lang.AssertionError" message="expected [true] but found [false]">
      <![CDATA[java.lang.AssertionError: expected [true] but found [false]
at com.qa.testcases.Logintest.loginDemo(Logintest.java:29)
at java.util.ArrayList.forEach(ArrayList.java:1249)
... Removed 31 stack frames]]>
    </failure>
  </testcase> <!-- loginDemo -->
</testsuite> <!-- Freecrm App Test(failed) -->
