<?xml version="1.0" encoding="UTF-8"?>
<testng-results skipped="0" failed="0" ignored="0" total="1" passed="1">
  <reporter-output>
  </reporter-output>
  <suite name="freecrm suite" duration-ms="13789" started-at="2020-10-26T01:37:17 EDT" finished-at="2020-10-26T01:37:31 EDT">
    <groups>
    </groups>
    <test name="Freecrm App Test" duration-ms="13789" started-at="2020-10-26T01:37:17 EDT" finished-at="2020-10-26T01:37:31 EDT">
      <class name="com.qa.testcases.Logintest">
        <test-method status="PASS" signature="setup()[pri:0, instance:com.qa.testcases.Logintest@3fd7a715]" name="setup" is-config="true" duration-ms="8129" started-at="2020-10-26T01:37:17 EDT" finished-at="2020-10-26T01:37:25 EDT">
          <reporter-output>
          </reporter-output>
        </test-method> <!-- setup -->
        <test-method status="PASS" signature="loginDemo()[pri:0, instance:com.qa.testcases.Logintest@3fd7a715]" name="loginDemo" duration-ms="4855" started-at="2020-10-26T01:37:25 EDT" finished-at="2020-10-26T01:37:30 EDT">
          <reporter-output>
          </reporter-output>
        </test-method> <!-- loginDemo -->
        <test-method status="PASS" signature="tearDown()[pri:0, instance:com.qa.testcases.Logintest@3fd7a715]" name="tearDown" is-config="true" duration-ms="731" started-at="2020-10-26T01:37:30 EDT" finished-at="2020-10-26T01:37:31 EDT">
          <reporter-output>
          </reporter-output>
        </test-method> <!-- tearDown -->
      </class> <!-- com.qa.testcases.Logintest -->
    </test> <!-- Freecrm App Test -->
  </suite> <!-- freecrm suite -->
</testng-results>
